

Version:	3.10
CmdLine:	E:\HDD Documents\Programming Stuff\CCB Profile Adder\CCB Profile Adder.exe --l4j-debug
WOW64:		yes
Working dir:	E:\HDD Documents\Programming Stuff\CCB Profile Adder\.
Java min ver:	
Java max ver:	
Bundled JRE:	C:\Program Files\Java\jdk1.8.0_112\
Check launcher:	C:\Program Files\Java\jdk1.8.0_112\bin\javaw.exe (OK)
Substitute:	JAVA_HOME = C:\Program Files\Java\jdk1.8.0_112\
Launcher:	C:\Program Files\Java\jdk1.8.0_112\bin\javaw.exe
Launcher args:	-Denv.java.home="C:\Program Files\Java\jdk1.8.0_112\" -jar "E:\HDD Documents\Programming Stuff\CCB Profile Adder\CCB Profile Adder.exe"
Args length:	135/32768 chars
Exit code:	0


Version:	3.10
CmdLine:	E:\HDD Documents\Programming Stuff\CCB Profile Adder\CCB Profile Adder.exe --l4j-debug
WOW64:		yes
Working dir:	E:\HDD Documents\Programming Stuff\CCB Profile Adder\.
Java min ver:	
Java max ver:	
Bundled JRE:	C:\Program Files\Java\jdk1.8.0_112\
Check launcher:	C:\Program Files\Java\jdk1.8.0_112\bin\javaw.exe (OK)
Launcher:	C:\Program Files\Java\jdk1.8.0_112\bin\javaw.exe
Launcher args:	-jar "E:\HDD Documents\Programming Stuff\CCB Profile Adder\CCB Profile Adder.exe"
Args length:	81/32768 chars
Exit code:	0


Version:	3.10
CmdLine:	E:\HDD Documents\Programming Stuff\CCB Profile Adder\CCB Profile Adder.exe --l4j-debug
WOW64:		yes
Working dir:	E:\HDD Documents\Programming Stuff\CCB Profile Adder\.
Java min ver:	
Java max ver:	
Bundled JRE:	C:\Program Files\Java\jdk1.8.0_112\
Check launcher:	C:\Program Files\Java\jdk1.8.0_112\bin\javaw.exe (OK)
Launcher:	C:\Program Files\Java\jdk1.8.0_112\bin\javaw.exe
Launcher args:	-jar "E:\HDD Documents\Programming Stuff\CCB Profile Adder\CCB Profile Adder.exe"
Args length:	81/32768 chars
Exit code:	0
